[2020-11-26T23:38:35.417] [ERROR] globalError - custom error
[2020-11-26T23:39:46.787] [ERROR] globalError - ctx.errFunc is not a function
[2020-11-26T23:43:33.023] [ERROR] globalError - TypeError: ctx.errFunc is not a function
    at actionIndex (/Users/chenyunyi/Documents/projects/yd-book/controllers/IndexController.js:9:26)
    at dispatch (/Users/chenyunyi/Documents/projects/yd-book/node_modules/koa-compose/index.js:42:32)
    at /Users/chenyunyi/Documents/projects/yd-book/node_modules/@koa/router/lib/router.js:372:16
    at dispatch (/Users/chenyunyi/Documents/projects/yd-book/node_modules/koa-compose/index.js:42:32)
    at /Users/chenyunyi/Documents/projects/yd-book/node_modules/koa-compose/index.js:34:12
    at dispatch (/Users/chenyunyi/Documents/projects/yd-book/node_modules/@koa/router/lib/router.js:377:31)
    at dispatch (/Users/chenyunyi/Documents/projects/yd-book/node_modules/koa-compose/index.js:42:32)
    at app.use (/Users/chenyunyi/Documents/projects/yd-book/middlewares/errorHandler.js:15:13)
    at dispatch (/Users/chenyunyi/Documents/projects/yd-book/node_modules/koa-compose/index.js:42:32)
    at app.use (/Users/chenyunyi/Documents/projects/yd-book/middlewares/errorHandler.js:6:15)
[2020-11-27T23:20:05.448] [ERROR] globalError - TypeError: ctx.errFunc is not a function
    at actionIndex (/Users/chenyunyi/Documents/projects/yd-book/controllers/IndexController.js:9:26)
    at dispatch (/Users/chenyunyi/Documents/projects/yd-book/node_modules/koa-compose/index.js:42:32)
    at /Users/chenyunyi/Documents/projects/yd-book/node_modules/@koa/router/lib/router.js:372:16
    at dispatch (/Users/chenyunyi/Documents/projects/yd-book/node_modules/koa-compose/index.js:42:32)
    at /Users/chenyunyi/Documents/projects/yd-book/node_modules/koa-compose/index.js:34:12
    at dispatch (/Users/chenyunyi/Documents/projects/yd-book/node_modules/@koa/router/lib/router.js:377:31)
    at dispatch (/Users/chenyunyi/Documents/projects/yd-book/node_modules/koa-compose/index.js:42:32)
    at app.use (/Users/chenyunyi/Documents/projects/yd-book/middlewares/errorHandler.js:15:13)
    at dispatch (/Users/chenyunyi/Documents/projects/yd-book/node_modules/koa-compose/index.js:42:32)
    at app.use (/Users/chenyunyi/Documents/projects/yd-book/middlewares/errorHandler.js:6:15)
[2020-12-12T08:36:51.988] [ERROR] globalError - { Error: connect ECONNREFUSED 127.0.0.1:80
    at TCPConnectWrap.afterConnect [as oncomplete] (net.js:1106:14)
  errno: 'ECONNREFUSED',
  code: 'ECONNREFUSED',
  syscall: 'connect',
  address: '127.0.0.1',
  port: 80,
  config:
   { url: 'http://localhost/server-books/web/index.php?r=books',
     method: 'get',
     headers:
      { Accept: 'application/json, text/plain, */*',
        'User-Agent': 'axios/0.21.0' },
     transformRequest: [ [Function: transformRequest] ],
     transformResponse: [ [Function: transformResponse] ],
     timeout: 0,
     adapter: [Function: httpAdapter],
     xsrfCookieName: 'XSRF-TOKEN',
     xsrfHeaderName: 'X-XSRF-TOKEN',
     maxContentLength: -1,
     maxBodyLength: -1,
     validateStatus: [Function: validateStatus],
     data: undefined },
  request:
   Writable {
     _writableState:
      WritableState {
        objectMode: false,
        highWaterMark: 16384,
        finalCalled: false,
        needDrain: false,
        ending: false,
        ended: false,
        finished: false,
        destroyed: false,
        decodeStrings: true,
        defaultEncoding: 'utf8',
        length: 0,
        writing: false,
        corked: 0,
        sync: true,
        bufferProcessing: false,
        onwrite: [Function: bound onwrite],
        writecb: null,
        writelen: 0,
        bufferedRequest: null,
        lastBufferedRequest: null,
        pendingcb: 0,
        prefinished: false,
        errorEmitted: false,
        emitClose: true,
        autoDestroy: false,
        bufferedRequestCount: 0,
        corkedRequestsFree: [Object] },
     writable: true,
     domain: null,
     _events:
      [Object: null prototype] {
        response: [Function: handleResponse],
        error: [Function: handleRequestError] },
     _eventsCount: 2,
     _maxListeners: undefined,
     _options:
      { maxRedirects: 21,
        maxBodyLength: 10485760,
        protocol: 'http:',
        path: '/server-books/web/index.php?r=books',
        method: 'GET',
        headers: [Object],
        agent: undefined,
        agents: [Object],
        auth: undefined,
        hostname: 'localhost',
        port: null,
        nativeProtocols: [Object],
        pathname: '/server-books/web/index.php',
        search: '?r=books' },
     _ended: true,
     _ending: true,
     _redirectCount: 0,
     _redirects: [],
     _requestBodyLength: 0,
     _requestBodyBuffers: [],
     _onNativeResponse: [Function],
     _currentRequest:
      ClientRequest {
        domain: null,
        _events: [Object],
        _eventsCount: 7,
        _maxListeners: undefined,
        output: [],
        outputEncodings: [],
        outputCallbacks: [],
        outputSize: 0,
        writable: true,
        _last: true,
        chunkedEncoding: false,
        shouldKeepAlive: false,
        useChunkedEncodingByDefault: false,
        sendDate: false,
        _removedConnection: false,
        _removedContLen: false,
        _removedTE: false,
        _contentLength: 0,
        _hasBody: true,
        _trailer: '',
        finished: true,
        _headerSent: true,
        socket: [Socket],
        connection: [Socket],
        _header:
         'GET /server-books/web/index.php?r=books HTTP/1.1\r\nAccept: application/json, text/plain, */*\r\nUser-Agent: axios/0.21.0\r\nHost: localhost\r\nConnection: close\r\n\r\n',
        _onPendingData: [Function: noopPendingOutput],
        agent: [Agent],
        socketPath: undefined,
        timeout: undefined,
        method: 'GET',
        path: '/server-books/web/index.php?r=books',
        _ended: false,
        res: null,
        aborted: undefined,
        timeoutCb: null,
        upgradeOrConnect: false,
        parser: null,
        maxHeadersCount: null,
        _redirectable: [Circular],
        [Symbol(isCorked)]: false,
        [Symbol(outHeadersKey)]: [Object] },
     _currentUrl: 'http://localhost/server-books/web/index.php?r=books' },
  response: undefined,
  isAxiosError: true,
  toJSON: [Function: toJSON] }
[2020-12-12T08:36:59.881] [ERROR] globalError - { Error: connect ECONNREFUSED 127.0.0.1:80
    at TCPConnectWrap.afterConnect [as oncomplete] (net.js:1106:14)
  errno: 'ECONNREFUSED',
  code: 'ECONNREFUSED',
  syscall: 'connect',
  address: '127.0.0.1',
  port: 80,
  config:
   { url: 'http://localhost/server-books/web/index.php?r=books',
     method: 'get',
     headers:
      { Accept: 'application/json, text/plain, */*',
        'User-Agent': 'axios/0.21.0' },
     transformRequest: [ [Function: transformRequest] ],
     transformResponse: [ [Function: transformResponse] ],
     timeout: 0,
     adapter: [Function: httpAdapter],
     xsrfCookieName: 'XSRF-TOKEN',
     xsrfHeaderName: 'X-XSRF-TOKEN',
     maxContentLength: -1,
     maxBodyLength: -1,
     validateStatus: [Function: validateStatus],
     data: undefined },
  request:
   Writable {
     _writableState:
      WritableState {
        objectMode: false,
        highWaterMark: 16384,
        finalCalled: false,
        needDrain: false,
        ending: false,
        ended: false,
        finished: false,
        destroyed: false,
        decodeStrings: true,
        defaultEncoding: 'utf8',
        length: 0,
        writing: false,
        corked: 0,
        sync: true,
        bufferProcessing: false,
        onwrite: [Function: bound onwrite],
        writecb: null,
        writelen: 0,
        bufferedRequest: null,
        lastBufferedRequest: null,
        pendingcb: 0,
        prefinished: false,
        errorEmitted: false,
        emitClose: true,
        autoDestroy: false,
        bufferedRequestCount: 0,
        corkedRequestsFree: [Object] },
     writable: true,
     domain: null,
     _events:
      [Object: null prototype] {
        response: [Function: handleResponse],
        error: [Function: handleRequestError] },
     _eventsCount: 2,
     _maxListeners: undefined,
     _options:
      { maxRedirects: 21,
        maxBodyLength: 10485760,
        protocol: 'http:',
        path: '/server-books/web/index.php?r=books',
        method: 'GET',
        headers: [Object],
        agent: undefined,
        agents: [Object],
        auth: undefined,
        hostname: 'localhost',
        port: null,
        nativeProtocols: [Object],
        pathname: '/server-books/web/index.php',
        search: '?r=books' },
     _ended: true,
     _ending: true,
     _redirectCount: 0,
     _redirects: [],
     _requestBodyLength: 0,
     _requestBodyBuffers: [],
     _onNativeResponse: [Function],
     _currentRequest:
      ClientRequest {
        domain: null,
        _events: [Object],
        _eventsCount: 7,
        _maxListeners: undefined,
        output: [],
        outputEncodings: [],
        outputCallbacks: [],
        outputSize: 0,
        writable: true,
        _last: true,
        chunkedEncoding: false,
        shouldKeepAlive: false,
        useChunkedEncodingByDefault: false,
        sendDate: false,
        _removedConnection: false,
        _removedContLen: false,
        _removedTE: false,
        _contentLength: 0,
        _hasBody: true,
        _trailer: '',
        finished: true,
        _headerSent: true,
        socket: [Socket],
        connection: [Socket],
        _header:
         'GET /server-books/web/index.php?r=books HTTP/1.1\r\nAccept: application/json, text/plain, */*\r\nUser-Agent: axios/0.21.0\r\nHost: localhost\r\nConnection: close\r\n\r\n',
        _onPendingData: [Function: noopPendingOutput],
        agent: [Agent],
        socketPath: undefined,
        timeout: undefined,
        method: 'GET',
        path: '/server-books/web/index.php?r=books',
        _ended: false,
        res: null,
        aborted: undefined,
        timeoutCb: null,
        upgradeOrConnect: false,
        parser: null,
        maxHeadersCount: null,
        _redirectable: [Circular],
        [Symbol(isCorked)]: false,
        [Symbol(outHeadersKey)]: [Object] },
     _currentUrl: 'http://localhost/server-books/web/index.php?r=books' },
  response: undefined,
  isAxiosError: true,
  toJSON: [Function: toJSON] }
[2020-12-12T08:37:01.664] [ERROR] globalError - { Error: connect ECONNREFUSED 127.0.0.1:80
    at TCPConnectWrap.afterConnect [as oncomplete] (net.js:1106:14)
  errno: 'ECONNREFUSED',
  code: 'ECONNREFUSED',
  syscall: 'connect',
  address: '127.0.0.1',
  port: 80,
  config:
   { url: 'http://localhost/server-books/web/index.php?r=books',
     method: 'get',
     headers:
      { Accept: 'application/json, text/plain, */*',
        'User-Agent': 'axios/0.21.0' },
     transformRequest: [ [Function: transformRequest] ],
     transformResponse: [ [Function: transformResponse] ],
     timeout: 0,
     adapter: [Function: httpAdapter],
     xsrfCookieName: 'XSRF-TOKEN',
     xsrfHeaderName: 'X-XSRF-TOKEN',
     maxContentLength: -1,
     maxBodyLength: -1,
     validateStatus: [Function: validateStatus],
     data: undefined },
  request:
   Writable {
     _writableState:
      WritableState {
        objectMode: false,
        highWaterMark: 16384,
        finalCalled: false,
        needDrain: false,
        ending: false,
        ended: false,
        finished: false,
        destroyed: false,
        decodeStrings: true,
        defaultEncoding: 'utf8',
        length: 0,
        writing: false,
        corked: 0,
        sync: true,
        bufferProcessing: false,
        onwrite: [Function: bound onwrite],
        writecb: null,
        writelen: 0,
        bufferedRequest: null,
        lastBufferedRequest: null,
        pendingcb: 0,
        prefinished: false,
        errorEmitted: false,
        emitClose: true,
        autoDestroy: false,
        bufferedRequestCount: 0,
        corkedRequestsFree: [Object] },
     writable: true,
     domain: null,
     _events:
      [Object: null prototype] {
        response: [Function: handleResponse],
        error: [Function: handleRequestError] },
     _eventsCount: 2,
     _maxListeners: undefined,
     _options:
      { maxRedirects: 21,
        maxBodyLength: 10485760,
        protocol: 'http:',
        path: '/server-books/web/index.php?r=books',
        method: 'GET',
        headers: [Object],
        agent: undefined,
        agents: [Object],
        auth: undefined,
        hostname: 'localhost',
        port: null,
        nativeProtocols: [Object],
        pathname: '/server-books/web/index.php',
        search: '?r=books' },
     _ended: true,
     _ending: true,
     _redirectCount: 0,
     _redirects: [],
     _requestBodyLength: 0,
     _requestBodyBuffers: [],
     _onNativeResponse: [Function],
     _currentRequest:
      ClientRequest {
        domain: null,
        _events: [Object],
        _eventsCount: 7,
        _maxListeners: undefined,
        output: [],
        outputEncodings: [],
        outputCallbacks: [],
        outputSize: 0,
        writable: true,
        _last: true,
        chunkedEncoding: false,
        shouldKeepAlive: false,
        useChunkedEncodingByDefault: false,
        sendDate: false,
        _removedConnection: false,
        _removedContLen: false,
        _removedTE: false,
        _contentLength: 0,
        _hasBody: true,
        _trailer: '',
        finished: true,
        _headerSent: true,
        socket: [Socket],
        connection: [Socket],
        _header:
         'GET /server-books/web/index.php?r=books HTTP/1.1\r\nAccept: application/json, text/plain, */*\r\nUser-Agent: axios/0.21.0\r\nHost: localhost\r\nConnection: close\r\n\r\n',
        _onPendingData: [Function: noopPendingOutput],
        agent: [Agent],
        socketPath: undefined,
        timeout: undefined,
        method: 'GET',
        path: '/server-books/web/index.php?r=books',
        _ended: false,
        res: null,
        aborted: undefined,
        timeoutCb: null,
        upgradeOrConnect: false,
        parser: null,
        maxHeadersCount: null,
        _redirectable: [Circular],
        [Symbol(isCorked)]: false,
        [Symbol(outHeadersKey)]: [Object] },
     _currentUrl: 'http://localhost/server-books/web/index.php?r=books' },
  response: undefined,
  isAxiosError: true,
  toJSON: [Function: toJSON] }
[2020-12-12T08:37:47.772] [ERROR] globalError - { Error: connect ECONNREFUSED 127.0.0.1:80
    at TCPConnectWrap.afterConnect [as oncomplete] (net.js:1106:14)
  errno: 'ECONNREFUSED',
  code: 'ECONNREFUSED',
  syscall: 'connect',
  address: '127.0.0.1',
  port: 80,
  config:
   { url: 'http://localhost/server-books/web/index.php?r=books',
     method: 'get',
     headers:
      { Accept: 'application/json, text/plain, */*',
        'User-Agent': 'axios/0.21.0' },
     transformRequest: [ [Function: transformRequest] ],
     transformResponse: [ [Function: transformResponse] ],
     timeout: 0,
     adapter: [Function: httpAdapter],
     xsrfCookieName: 'XSRF-TOKEN',
     xsrfHeaderName: 'X-XSRF-TOKEN',
     maxContentLength: -1,
     maxBodyLength: -1,
     validateStatus: [Function: validateStatus],
     data: undefined },
  request:
   Writable {
     _writableState:
      WritableState {
        objectMode: false,
        highWaterMark: 16384,
        finalCalled: false,
        needDrain: false,
        ending: false,
        ended: false,
        finished: false,
        destroyed: false,
        decodeStrings: true,
        defaultEncoding: 'utf8',
        length: 0,
        writing: false,
        corked: 0,
        sync: true,
        bufferProcessing: false,
        onwrite: [Function: bound onwrite],
        writecb: null,
        writelen: 0,
        bufferedRequest: null,
        lastBufferedRequest: null,
        pendingcb: 0,
        prefinished: false,
        errorEmitted: false,
        emitClose: true,
        autoDestroy: false,
        bufferedRequestCount: 0,
        corkedRequestsFree: [Object] },
     writable: true,
     domain: null,
     _events:
      [Object: null prototype] {
        response: [Function: handleResponse],
        error: [Function: handleRequestError] },
     _eventsCount: 2,
     _maxListeners: undefined,
     _options:
      { maxRedirects: 21,
        maxBodyLength: 10485760,
        protocol: 'http:',
        path: '/server-books/web/index.php?r=books',
        method: 'GET',
        headers: [Object],
        agent: undefined,
        agents: [Object],
        auth: undefined,
        hostname: 'localhost',
        port: null,
        nativeProtocols: [Object],
        pathname: '/server-books/web/index.php',
        search: '?r=books' },
     _ended: true,
     _ending: true,
     _redirectCount: 0,
     _redirects: [],
     _requestBodyLength: 0,
     _requestBodyBuffers: [],
     _onNativeResponse: [Function],
     _currentRequest:
      ClientRequest {
        domain: null,
        _events: [Object],
        _eventsCount: 7,
        _maxListeners: undefined,
        output: [],
        outputEncodings: [],
        outputCallbacks: [],
        outputSize: 0,
        writable: true,
        _last: true,
        chunkedEncoding: false,
        shouldKeepAlive: false,
        useChunkedEncodingByDefault: false,
        sendDate: false,
        _removedConnection: false,
        _removedContLen: false,
        _removedTE: false,
        _contentLength: 0,
        _hasBody: true,
        _trailer: '',
        finished: true,
        _headerSent: true,
        socket: [Socket],
        connection: [Socket],
        _header:
         'GET /server-books/web/index.php?r=books HTTP/1.1\r\nAccept: application/json, text/plain, */*\r\nUser-Agent: axios/0.21.0\r\nHost: localhost\r\nConnection: close\r\n\r\n',
        _onPendingData: [Function: noopPendingOutput],
        agent: [Agent],
        socketPath: undefined,
        timeout: undefined,
        method: 'GET',
        path: '/server-books/web/index.php?r=books',
        _ended: false,
        res: null,
        aborted: undefined,
        timeoutCb: null,
        upgradeOrConnect: false,
        parser: null,
        maxHeadersCount: null,
        _redirectable: [Circular],
        [Symbol(isCorked)]: false,
        [Symbol(outHeadersKey)]: [Object] },
     _currentUrl: 'http://localhost/server-books/web/index.php?r=books' },
  response: undefined,
  isAxiosError: true,
  toJSON: [Function: toJSON] }
